<?xml version="1.0" encoding="UTF-8"?>
<!-- Generated by org.testng.reporters.JUnitReportReporter -->
<testsuite hostname="DESKTOP-VHEK48H" failures="0" tests="1" name="com.selenium.mindmatrix.project.testcases.Dispcreate" time="39.558" errors="0" timestamp="22 Feb 2019 10:11:54 GMT">
  <testcase classname="com.selenium.mindmatrix.project.testcases.Dispcreate" name="displaycreate" time="39.558"/>
</testsuite> <!-- com.selenium.mindmatrix.project.testcases.Dispcreate -->
