<?xml version="1.0" encoding="UTF-8"?>
<!-- Generated by org.testng.reporters.JUnitReportReporter -->
<testsuite hostname="DESKTOP-VHEK48H" failures="0" tests="1" name="com.selenium.mindmatrix.project.testcases.LoginTest" time="27.926" errors="0" timestamp="19 Mar 2019 09:29:48 GMT">
  <testcase classname="com.selenium.mindmatrix.project.testcases.LoginTest" name="doLoginTest" time="27.926"/>
</testsuite> <!-- com.selenium.mindmatrix.project.testcases.LoginTest -->
