<?xml version="1.0" encoding="UTF-8"?>
<!-- Generated by org.testng.reporters.JUnitReportReporter -->
<testsuite hostname="DESKTOP-VHEK48H" failures="0" tests="1" name="com.selenium.mindmatrix.project.testcases.PermissionCheck" time="21.591" errors="0" timestamp="18 Mar 2019 13:51:06 GMT">
  <testcase classname="com.selenium.mindmatrix.project.testcases.PermissionCheck" name="permissionCheck" time="21.591"/>
</testsuite> <!-- com.selenium.mindmatrix.project.testcases.PermissionCheck -->
