<?xml version="1.0" encoding="UTF-8"?>
<!-- Generated by org.testng.reporters.JUnitReportReporter -->
<testsuite hostname="DESKTOP-VHEK48H" failures="0" tests="1" name="com.selenium.mindmatrix.project.testcases.checking" time="16.254" errors="0" timestamp="18 Mar 2019 14:07:46 GMT">
  <testcase classname="com.selenium.mindmatrix.project.testcases.checking" name="doLoginTest" time="16.254"/>
</testsuite> <!-- com.selenium.mindmatrix.project.testcases.checking -->
