<?xml version="1.0" encoding="UTF-8"?>
<!-- Generated by org.testng.reporters.JUnitReportReporter -->
<testsuite hostname="DESKTOP-VHEK48H" failures="0" tests="1" name="com.selenium.mindmatrix.project.testcases.checking" time="32.451" errors="0" timestamp="19 Mar 2019 05:51:41 GMT">
  <testcase classname="com.selenium.mindmatrix.project.testcases.checking" name="doLoginTest" time="32.451"/>
</testsuite> <!-- com.selenium.mindmatrix.project.testcases.checking -->
