<?xml version="1.0" encoding="UTF-8"?>
<!-- Generated by org.testng.reporters.JUnitReportReporter -->
<testsuite hostname="hppc-PC" failures="0" tests="1" name="com.selenium.mindmatrix.project.testcases.PermissionCheck" time="30.943" errors="0" timestamp="20 Feb 2019 06:20:59 GMT">
  <testcase classname="com.selenium.mindmatrix.project.testcases.PermissionCheck" name="permissionCheck" time="30.943"/>
</testsuite> <!-- com.selenium.mindmatrix.project.testcases.PermissionCheck -->
