<?xml version="1.0" encoding="UTF-8"?>
<!-- Generated by org.testng.reporters.JUnitReportReporter -->
<testsuite hostname="DESKTOP-VHEK48H" failures="0" tests="1" name="com.selenium.mindmatrix.project.testcases.TemplateCreate" time="9.226" errors="0" timestamp="19 Mar 2019 05:44:43 GMT">
  <testcase classname="com.selenium.mindmatrix.project.testcases.TemplateCreate" name="brokenlink" time="9.226"/>
</testsuite> <!-- com.selenium.mindmatrix.project.testcases.TemplateCreate -->
