<?xml version="1.0" encoding="UTF-8"?>
<!-- Generated by org.testng.reporters.JUnitReportReporter -->
<testsuite hostname="DESKTOP-VHEK48H" failures="0" tests="1" name="com.selenium.mindmatrix.project.testcases.PreLoginVerification" time="13.900" errors="0" timestamp="19 Mar 2019 08:12:05 GMT">
  <testcase classname="com.selenium.mindmatrix.project.testcases.PreLoginVerification" name="verificationLogin" time="13.900"/>
</testsuite> <!-- com.selenium.mindmatrix.project.testcases.PreLoginVerification -->
