<?xml version="1.0" encoding="UTF-8"?>
<!-- Generated by org.testng.reporters.JUnitReportReporter -->
<testsuite hostname="hppc-PC" name="com.selenium.mindmatrix.project.testcases.Testcases" tests="1" failures="0" timestamp="21 Feb 2019 11:51:34 GMT" time="49.678" errors="0">
  <testcase name="template_case05" time="49.678" classname="com.selenium.mindmatrix.project.testcases.Testcases"/>
</testsuite> <!-- com.selenium.mindmatrix.project.testcases.Testcases -->
